<?xml version="1.0" encoding="UTF-8"?>
<!-- Generated by org.testng.reporters.JUnitReportReporter -->
<testsuite hostname="Swati-HP01" failures="0" tests="2" name="Day39.LoginngTest" time="1.148" errors="0" timestamp="2023-12-05T17:05:49 CET" skipped="0">
  <testcase classname="Day39.LoginngTest" name="testLogo" time="0.005"/>
  <testcase classname="Day39.LoginngTest" name="testLogin" time="1.143"/>
</testsuite> <!-- Day39.LoginngTest -->
