<?xml version="1.0" encoding="UTF-8"?>
<!-- Generated by org.testng.reporters.JUnitReportReporter -->
<testsuite hostname="Swati-HP01" failures="0" tests="1" name="NewTest22" time="0.008" errors="0" timestamp="2023-11-21T10:54:36 CET" skipped="0">
  <testcase classname="NewTest22" name="f" time="0.008"/>
</testsuite> <!-- NewTest22 -->
