<?xml version="1.0" encoding="UTF-8"?>
<!-- Generated by org.testng.reporters.JUnitReportReporter -->
<testsuite hostname="Swati-HP01" failures="0" tests="5" name="Day34.NewTest" time="16.677" errors="0" timestamp="2024-02-16T12:59:12 CET" skipped="0">
  <testcase classname="Day34.NewTest" name="LoginTest" time="2.466"/>
  <testcase classname="Day34.NewTest" name="DashboardTest" time="1.883"/>
  <testcase classname="Day34.NewTest" name="CheckTitle" time="0.805"/>
  <testcase classname="Day34.NewTest" name="UpdateInfo" time="4.706"/>
  <testcase classname="Day34.NewTest" name="UpdateEmergency" time="6.817"/>
</testsuite> <!-- Day34.NewTest -->
