<?xml version="1.0" encoding="UTF-8"?>
<!-- Generated by org.testng.reporters.JUnitReportReporter -->
<testsuite hostname="Swati-HP01" failures="0" tests="4" name="Day34.NewTest" time="11.047" errors="0" timestamp="2023-10-11T10:26:36 CEST" skipped="0">
  <testcase classname="Day34.NewTest" name="LoginTest" time="2.620"/>
  <testcase classname="Day34.NewTest" name="DashboardTest" time="3.080"/>
  <testcase classname="Day34.NewTest" name="Search" time="0.708"/>
  <testcase classname="Day34.NewTest" name="UpdateInfo" time="4.639"/>
</testsuite> <!-- Day34.NewTest -->
