<?xml version="1.0" encoding="UTF-8"?>
<!-- Generated by org.testng.reporters.JUnitReportReporter -->
<testsuite hostname="Swati-HP01" failures="0" tests="4" name="Day34.NewTest" time="5.053" errors="0" timestamp="2023-10-10T18:18:32 CEST" skipped="0">
  <testcase classname="Day34.NewTest" name="LoginTest" time="2.021"/>
  <testcase classname="Day34.NewTest" name="DashboardTest" time="1.753"/>
  <testcase classname="Day34.NewTest" name="Search" time="0.525"/>
  <testcase classname="Day34.NewTest" name="Searchisdone" time="0.754"/>
</testsuite> <!-- Day34.NewTest -->
