<?xml version="1.0" encoding="UTF-8"?>
<!-- Generated by org.testng.reporters.JUnitReportReporter -->
<testsuite hostname="Swati-HP01" failures="0" tests="4" name="Day34.NewTest" time="8.519" errors="0" timestamp="2023-10-18T10:56:55 CEST" skipped="0">
  <testcase classname="Day34.NewTest" name="LoginTest" time="1.868"/>
  <testcase classname="Day34.NewTest" name="DashboardTest" time="1.631"/>
  <testcase classname="Day34.NewTest" name="Search" time="0.791"/>
  <testcase classname="Day34.NewTest" name="UpdateInfo" time="4.229"/>
</testsuite> <!-- Day34.NewTest -->
