<?xml version="1.0" encoding="UTF-8"?>
<!-- Generated by org.testng.reporters.JUnitReportReporter -->
<testsuite hostname="Swati-HP01" failures="0" tests="3" name="Day34.NewTest" time="4.515" errors="0" timestamp="2023-10-10T16:01:43 CEST" skipped="0">
  <testcase classname="Day34.NewTest" name="LoginTest" time="1.747"/>
  <testcase classname="Day34.NewTest" name="DashboardTest" time="1.646"/>
  <testcase classname="Day34.NewTest" name="Search" time="1.122"/>
</testsuite> <!-- Day34.NewTest -->
