<?xml version="1.0" encoding="UTF-8"?>
<!-- Generated by org.testng.reporters.JUnitReportReporter -->
<testsuite hostname="Swati-HP01" failures="0" tests="5" name="Day34.NewTest" time="15.750" errors="0" timestamp="2023-11-30T12:48:01 CET" skipped="0">
  <testcase classname="Day34.NewTest" name="LoginTest" time="2.212"/>
  <testcase classname="Day34.NewTest" name="DashboardTest" time="1.194"/>
  <testcase classname="Day34.NewTest" name="CheckTitle" time="0.571"/>
  <testcase classname="Day34.NewTest" name="UpdateInfo" time="4.806"/>
  <testcase classname="Day34.NewTest" name="UpdateEmergency" time="6.967"/>
</testsuite> <!-- Day34.NewTest -->
