<?xml version="1.0" encoding="UTF-8"?>
<!-- Generated by org.testng.reporters.JUnitReportReporter -->
<testsuite hostname="Swati-HP01" failures="0" tests="4" name="Day34.NewTest" time="8.663" errors="0" timestamp="2023-11-21T14:25:29 CET" skipped="0">
  <testcase classname="Day34.NewTest" name="LoginTest" time="2.096"/>
  <testcase classname="Day34.NewTest" name="DashboardTest" time="1.509"/>
  <testcase classname="Day34.NewTest" name="Search" time="1.019"/>
  <testcase classname="Day34.NewTest" name="UpdateInfo" time="4.039"/>
</testsuite> <!-- Day34.NewTest -->
