<?xml version="1.0" encoding="UTF-8"?>
<!-- Generated by org.testng.reporters.JUnitReportReporter -->
<testsuite hostname="Swati-HP01" failures="0" tests="4" name="Day34.NewTest" time="14.181" errors="0" timestamp="2023-10-12T10:35:14 CEST" skipped="0">
  <testcase classname="Day34.NewTest" name="LoginTest" time="3.481"/>
  <testcase classname="Day34.NewTest" name="DashboardTest" time="2.352"/>
  <testcase classname="Day34.NewTest" name="Search" time="1.141"/>
  <testcase classname="Day34.NewTest" name="UpdateInfo" time="7.207"/>
</testsuite> <!-- Day34.NewTest -->
